<?xml version="1.0" encoding="UTF-8"?>
<!-- Generated by org.testng.reporters.JUnitXMLReporter -->
<testsuite ignored="0" hostname="Rams" failures="1" tests="5" name="Error" time="14.945" errors="0" timestamp="2025-05-06T11:36:45 IST">
  <testcase classname="VenkataRamanapandi.Tests.ErrorHandling" name="LoginError" time="0.915">
    <skipped/>
  </testcase> <!-- LoginError -->
  <testcase classname="VenkataRamanapandi.Tests.ErrorHandling" name="LoginError" time="0.696">
    <skipped/>
  </testcase> <!-- LoginError -->
  <testcase classname="VenkataRamanapandi.Tests.ErrorHandling" name="LoginError" time="0.642">
    <skipped/>
  </testcase> <!-- LoginError -->
  <testcase classname="VenkataRamanapandi.Tests.ErrorHandling" name="LoginError" time="0.61">
    <failure type="java.lang.AssertionError" message="expected [Login Successfully] but found [Incorrect email or password.]">
      <![CDATA[java.lang.AssertionError: expected [Login Successfully] but found [Incorrect email or password.]
at VenkataRamanapandi.Tests.ErrorHandling.LoginError(ErrorHandling.java:21)
at java.base/java.util.ArrayList.forEach(ArrayList.java:1511)
at java.base/java.util.concurrent.FutureTask.run(FutureTask.java:264)
at java.base/java.util.concurrent.ThreadPoolExecutor.runWorker(ThreadPoolExecutor.java:1136)
at java.base/java.util.concurrent.ThreadPoolExecutor$Worker.run(ThreadPoolExecutor.java:635)
at java.base/java.lang.Thread.run(Thread.java:833)
... Removed 23 stack frames]]>
    </failure>
  </testcase> <!-- LoginError -->
  <testcase classname="VenkataRamanapandi.Tests.ErrorHandling" name="LoginError" time="0.631"/>
</testsuite> <!-- Error -->
