<?xml version="1.0" encoding="UTF-8"?>
<!-- Generated by org.testng.reporters.JUnitXMLReporter -->
<testsuite ignored="0" hostname="Rams" failures="2" tests="2" name="Order" time="50.082" errors="0" timestamp="2025-05-06T11:37:19 IST">
  <testcase classname="VenkataRamanapandi.Tests.SubmitOrder" name="SubmitMethod" time="24.12">
    <failure type="java.lang.AssertionError" message="expected [true] but found [false]">
      <![CDATA[java.lang.AssertionError: expected [true] but found [false]
at VenkataRamanapandi.Tests.SubmitOrder.SubmitMethod(SubmitOrder.java:45)
at java.base/java.util.ArrayList.forEach(ArrayList.java:1511)
at java.base/java.util.concurrent.FutureTask.run(FutureTask.java:264)
at java.base/java.util.concurrent.ThreadPoolExecutor.runWorker(ThreadPoolExecutor.java:1136)
at java.base/java.util.concurrent.ThreadPoolExecutor$Worker.run(ThreadPoolExecutor.java:635)
at java.base/java.lang.Thread.run(Thread.java:833)
... Removed 21 stack frames]]>
    </failure>
  </testcase> <!-- SubmitMethod -->
  <testcase classname="VenkataRamanapandi.Tests.SubmitOrder" name="SubmitMethod" time="20.411">
    <failure type="java.lang.NullPointerException" message="Cannot invoke &amp;quot;org.openqa.selenium.WebElement.findElement(org.openqa.selenium.By)&amp;quot; because &amp;quot;product&amp;quot; is null">
      <![CDATA[java.lang.NullPointerException: Cannot invoke "org.openqa.selenium.WebElement.findElement(org.openqa.selenium.By)" because "product" is null
at VenkataRamanapandi.pageobjects.ProductCatalogue.addProductToCart(ProductCatalogue.java:43)
at VenkataRamanapandi.Tests.SubmitOrder.SubmitMethod(SubmitOrder.java:39)
at java.base/java.util.ArrayList.forEach(ArrayList.java:1511)
at java.base/java.util.concurrent.FutureTask.run(FutureTask.java:264)
at java.base/java.util.concurrent.ThreadPoolExecutor.runWorker(ThreadPoolExecutor.java:1136)
at java.base/java.util.concurrent.ThreadPoolExecutor$Worker.run(ThreadPoolExecutor.java:635)
at java.base/java.lang.Thread.run(Thread.java:833)
... Removed 17 stack frames]]>
    </failure>
  </testcase> <!-- SubmitMethod -->
</testsuite> <!-- Order -->
