<?xml version="1.0" encoding="UTF-8"?>
<!-- Generated by org.testng.reporters.JUnitXMLReporter -->
<testsuite ignored="0" hostname="Rams" failures="0" tests="4" name="Test" time="50.741" errors="0" timestamp="2025-05-05T22:17:49 IST">
  <testcase classname="VenkataRamanapandi.Tests.ErrorHandling" name="LoginError" time="0.985"/>
  <testcase classname="VenkataRamanapandi.Tests.ErrorHandling" name="LoginError" time="1.142"/>
  <testcase classname="VenkataRamanapandi.Tests.SubmitOrder" name="SubmitMethod" time="15.226"/>
  <testcase classname="VenkataRamanapandi.Tests.SubmitOrder" name="SubmitMethod" time="15.586"/>
</testsuite> <!-- Test -->
