<?xml version="1.0" encoding="UTF-8"?>
<testsuite xmlns:xsi="http://www.w3.org/2001/XMLSchema-instance" xsi:noNamespaceSchemaLocation="https://maven.apache.org/surefire/maven-surefire-plugin/xsd/surefire-test-report.xsd" version="3.0.2" name="TestSuite" time="50.023" tests="4" errors="0" skipped="0" failures="0">
  <properties>
[...]
</properties>
  <testcase name="SubmitMethod[{productname=ZARA COAT 3, password=Venkat@1, email=pvramana1819@gmail.com}](1)" classname="VenkataRamanapandi.Tests.SubmitOrder" time="16.511">
    <system-out><![CDATA[18:27:46.042 [main] DEBUG org.testng.TestNG -- suiteXmlPath: "C:\Users\pandi\eclipse-workspace\SeleniumFrameworkDesign\testng.xml"
18:27:46.623 [main] DEBUG io.github.bonigarcia.wdm.WebDriverManager -- Using WebDriverManager 6.1.0
18:27:47.028 [main] DEBUG io.github.bonigarcia.wdm.cache.ResolutionCache -- Resolution chrome=135 in cache (valid until 18:34:03 06/05/2025 IST)
18:27:47.030 [main] DEBUG io.github.bonigarcia.wdm.cache.ResolutionCache -- Resolution chrome135=135.0.7049.114 in cache (valid until 20:46:02 06/05/2025 IST)
18:27:47.035 [main] INFO io.github.bonigarcia.wdm.WebDriverManager -- Using chromedriver 135.0.7049.114 (resolved driver for Chrome 135)
18:27:47.061 [main] DEBUG io.github.bonigarcia.wdm.WebDriverManager -- Driver chromedriver 135.0.7049.114 found in cache
18:27:47.062 [main] INFO io.github.bonigarcia.wdm.WebDriverManager -- Exporting webdriver.chrome.driver as C:\Users\pandi\.cache\selenium\chromedriver\win64\135.0.7049.114\chromedriver.exe
]]></system-out>
  </testcase>
  <testcase name="SubmitMethod[{productname=ADIDAS ORIGINAL, password=Venkat@1, email=pvramana1819@gmail.com}](2)" classname="VenkataRamanapandi.Tests.SubmitOrder" time="15.996">
    <system-out><![CDATA[18:28:07.465 [main] DEBUG io.github.bonigarcia.wdm.WebDriverManager -- Using WebDriverManager 6.1.0
18:28:07.485 [main] DEBUG io.github.bonigarcia.wdm.cache.ResolutionCache -- Resolution chrome=135 in cache (valid until 18:34:03 06/05/2025 IST)
18:28:07.486 [main] DEBUG io.github.bonigarcia.wdm.cache.ResolutionCache -- Resolution chrome135=135.0.7049.114 in cache (valid until 20:46:02 06/05/2025 IST)
18:28:07.486 [main] INFO io.github.bonigarcia.wdm.WebDriverManager -- Using chromedriver 135.0.7049.114 (resolved driver for Chrome 135)
18:28:07.504 [main] DEBUG io.github.bonigarcia.wdm.WebDriverManager -- Driver chromedriver 135.0.7049.114 found in cache
18:28:07.505 [main] INFO io.github.bonigarcia.wdm.WebDriverManager -- Exporting webdriver.chrome.driver as C:\Users\pandi\.cache\selenium\chromedriver\win64\135.0.7049.114\chromedriver.exe
]]></system-out>
    <system-err><![CDATA[May 06, 2025 6:28:07 PM org.openqa.selenium.remote.http.WebSocket$Listener onError
WARNING: Connection reset
java.net.SocketException: Connection reset
	at java.base/sun.nio.ch.SocketChannelImpl.throwConnectionReset(SocketChannelImpl.java:401)
	at java.base/sun.nio.ch.SocketChannelImpl.read(SocketChannelImpl.java:434)
	at java.net.http/jdk.internal.net.http.SocketTube.readAvailable(SocketTube.java:1178)
	at java.net.http/jdk.internal.net.http.SocketTube$InternalReadPublisher$InternalReadSubscription.read(SocketTube.java:841)
	at java.net.http/jdk.internal.net.http.SocketTube$SocketFlowTask.run(SocketTube.java:181)
	at java.net.http/jdk.internal.net.http.common.SequentialScheduler$SchedulableTask.run(SequentialScheduler.java:207)
	at java.net.http/jdk.internal.net.http.common.SequentialScheduler.runOrSchedule(SequentialScheduler.java:280)
	at java.net.http/jdk.internal.net.http.common.SequentialScheduler.runOrSchedule(SequentialScheduler.java:233)
	at java.net.http/jdk.internal.net.http.SocketTube$InternalReadPublisher$InternalReadSubscription.signalReadable(SocketTube.java:782)
	at java.net.http/jdk.internal.net.http.SocketTube$InternalReadPublisher$ReadEvent.signalEvent(SocketTube.java:965)
	at java.net.http/jdk.internal.net.http.SocketTube$SocketFlowEvent.handle(SocketTube.java:253)
	at java.net.http/jdk.internal.net.http.HttpClientImpl$SelectorManager.handleEvent(HttpClientImpl.java:1470)
	at java.net.http/jdk.internal.net.http.HttpClientImpl$SelectorManager.lambda$run$3(HttpClientImpl.java:1415)
	at java.base/java.util.ArrayList.forEach(ArrayList.java:1596)
	at java.net.http/jdk.internal.net.http.HttpClientImpl$SelectorManager.run(HttpClientImpl.java:1415)

]]></system-err>
  </testcase>
  <testcase name="LoginError[{productname=ZARA COAT 3, password=Venkat@1, email=pvramana1819@gmail.com}](1)" classname="VenkataRamanapandi.Tests.ErrorHandling" time="1.632">
    <system-out><![CDATA[18:28:26.346 [main] DEBUG io.github.bonigarcia.wdm.WebDriverManager -- Using WebDriverManager 6.1.0
18:28:26.380 [main] DEBUG io.github.bonigarcia.wdm.cache.ResolutionCache -- Resolution chrome=135 in cache (valid until 18:34:03 06/05/2025 IST)
18:28:26.385 [main] DEBUG io.github.bonigarcia.wdm.cache.ResolutionCache -- Resolution chrome135=135.0.7049.114 in cache (valid until 20:46:02 06/05/2025 IST)
18:28:26.385 [main] INFO io.github.bonigarcia.wdm.WebDriverManager -- Using chromedriver 135.0.7049.114 (resolved driver for Chrome 135)
18:28:26.400 [main] DEBUG io.github.bonigarcia.wdm.WebDriverManager -- Driver chromedriver 135.0.7049.114 found in cache
18:28:26.403 [main] INFO io.github.bonigarcia.wdm.WebDriverManager -- Exporting webdriver.chrome.driver as C:\Users\pandi\.cache\selenium\chromedriver\win64\135.0.7049.114\chromedriver.exe
]]></system-out>
    <system-err><![CDATA[May 06, 2025 6:28:26 PM org.openqa.selenium.remote.http.WebSocket$Listener onError
WARNING: Connection reset
java.net.SocketException: Connection reset
	at java.base/sun.nio.ch.SocketChannelImpl.throwConnectionReset(SocketChannelImpl.java:401)
	at java.base/sun.nio.ch.SocketChannelImpl.read(SocketChannelImpl.java:434)
	at java.net.http/jdk.internal.net.http.SocketTube.readAvailable(SocketTube.java:1178)
	at java.net.http/jdk.internal.net.http.SocketTube$InternalReadPublisher$InternalReadSubscription.read(SocketTube.java:841)
	at java.net.http/jdk.internal.net.http.SocketTube$SocketFlowTask.run(SocketTube.java:181)
	at java.net.http/jdk.internal.net.http.common.SequentialScheduler$SchedulableTask.run(SequentialScheduler.java:207)
	at java.net.http/jdk.internal.net.http.common.SequentialScheduler.runOrSchedule(SequentialScheduler.java:280)
	at java.net.http/jdk.internal.net.http.common.SequentialScheduler.runOrSchedule(SequentialScheduler.java:233)
	at java.net.http/jdk.internal.net.http.SocketTube$InternalReadPublisher$InternalReadSubscription.signalReadable(SocketTube.java:782)
	at java.net.http/jdk.internal.net.http.SocketTube$InternalReadPublisher$ReadEvent.signalEvent(SocketTube.java:965)
	at java.net.http/jdk.internal.net.http.SocketTube$SocketFlowEvent.handle(SocketTube.java:253)
	at java.net.http/jdk.internal.net.http.HttpClientImpl$SelectorManager.handleEvent(HttpClientImpl.java:1470)
	at java.net.http/jdk.internal.net.http.HttpClientImpl$SelectorManager.lambda$run$3(HttpClientImpl.java:1415)
	at java.base/java.util.ArrayList.forEach(ArrayList.java:1596)
	at java.net.http/jdk.internal.net.http.HttpClientImpl$SelectorManager.run(HttpClientImpl.java:1415)

]]></system-err>
  </testcase>
  <testcase name="LoginError[{productname=ADIDAS ORIGINAL, password=Venkat@1, email=pvramana1819@gmail.com}](2)" classname="VenkataRamanapandi.Tests.ErrorHandling" time="1.173">
    <system-out><![CDATA[18:28:31.600 [main] DEBUG io.github.bonigarcia.wdm.WebDriverManager -- Using WebDriverManager 6.1.0
18:28:31.612 [main] DEBUG io.github.bonigarcia.wdm.cache.ResolutionCache -- Resolution chrome=135 in cache (valid until 18:34:03 06/05/2025 IST)
18:28:31.617 [main] DEBUG io.github.bonigarcia.wdm.cache.ResolutionCache -- Resolution chrome135=135.0.7049.114 in cache (valid until 20:46:02 06/05/2025 IST)
18:28:31.617 [main] INFO io.github.bonigarcia.wdm.WebDriverManager -- Using chromedriver 135.0.7049.114 (resolved driver for Chrome 135)
18:28:31.628 [main] DEBUG io.github.bonigarcia.wdm.WebDriverManager -- Driver chromedriver 135.0.7049.114 found in cache
18:28:31.629 [main] INFO io.github.bonigarcia.wdm.WebDriverManager -- Exporting webdriver.chrome.driver as C:\Users\pandi\.cache\selenium\chromedriver\win64\135.0.7049.114\chromedriver.exe
]]></system-out>
    <system-err><![CDATA[May 06, 2025 6:28:31 PM org.openqa.selenium.remote.http.WebSocket$Listener onError
WARNING: Connection reset
java.net.SocketException: Connection reset
	at java.base/sun.nio.ch.SocketChannelImpl.throwConnectionReset(SocketChannelImpl.java:401)
	at java.base/sun.nio.ch.SocketChannelImpl.read(SocketChannelImpl.java:434)
	at java.net.http/jdk.internal.net.http.SocketTube.readAvailable(SocketTube.java:1178)
	at java.net.http/jdk.internal.net.http.SocketTube$InternalReadPublisher$InternalReadSubscription.read(SocketTube.java:841)
	at java.net.http/jdk.internal.net.http.SocketTube$SocketFlowTask.run(SocketTube.java:181)
	at java.net.http/jdk.internal.net.http.common.SequentialScheduler$SchedulableTask.run(SequentialScheduler.java:207)
	at java.net.http/jdk.internal.net.http.common.SequentialScheduler.runOrSchedule(SequentialScheduler.java:280)
	at java.net.http/jdk.internal.net.http.common.SequentialScheduler.runOrSchedule(SequentialScheduler.java:233)
	at java.net.http/jdk.internal.net.http.SocketTube$InternalReadPublisher$InternalReadSubscription.signalReadable(SocketTube.java:782)
	at java.net.http/jdk.internal.net.http.SocketTube$InternalReadPublisher$ReadEvent.signalEvent(SocketTube.java:965)
	at java.net.http/jdk.internal.net.http.SocketTube$SocketFlowEvent.handle(SocketTube.java:253)
	at java.net.http/jdk.internal.net.http.HttpClientImpl$SelectorManager.handleEvent(HttpClientImpl.java:1470)
	at java.net.http/jdk.internal.net.http.HttpClientImpl$SelectorManager.lambda$run$3(HttpClientImpl.java:1415)
	at java.base/java.util.ArrayList.forEach(ArrayList.java:1596)
	at java.net.http/jdk.internal.net.http.HttpClientImpl$SelectorManager.run(HttpClientImpl.java:1415)

]]></system-err>
  </testcase>
</testsuite>